2019-08-13 16:07:37.227 [main] INFO  org.jeecg.JeecgApplication:50 - Starting JeecgApplication on LAPTOP-HF0J9EJF with PID 604352 (C:\project\jeecg-boot\jeecg-boot\jeecg-boot-module-system\target\classes started by lwx in C:\project\jeecg-boot\jeecg-boot)
2019-08-13 16:07:37.227 [main] INFO  org.jeecg.JeecgApplication:679 - The following profiles are active: dev
2019-08-13 16:07:40.710 [main] INFO  o.s.d.r.config.RepositoryConfigurationDelegate:244 - Multiple Spring Data modules found, entering strict repository configuration mode!
2019-08-13 16:07:40.726 [main] INFO  o.s.d.r.config.RepositoryConfigurationDelegate:126 - Bootstrapping Spring Data repositories in DEFAULT mode.
2019-08-13 16:07:40.835 [main] INFO  o.s.d.r.config.RepositoryConfigurationDelegate:182 - Finished Spring Data repository scanning in 78ms. Found 0 repository interfaces.
2019-08-13 16:07:41.194 [main] INFO  o.s.c.s.PostProcessorRegistrationDelegate$BeanPostProcessorChecker:330 - Bean 'shiroConfig' of type [org.jeecg.config.ShiroConfig$$EnhancerBySpringCGLIB$$e68e5d96] is not eligible for getting processed by all BeanPostProcessors (for example: not eligible for auto-proxying)
2019-08-13 16:07:41.350 [main] INFO  o.s.c.s.PostProcessorRegistrationDelegate$BeanPostProcessorChecker:330 - Bean 'shiroRealm' of type [org.jeecg.modules.shiro.authc.ShiroRealm] is not eligible for getting processed by all BeanPostProcessors (for example: not eligible for auto-proxying)
2019-08-13 16:07:42.050 [main] INFO  o.s.c.s.PostProcessorRegistrationDelegate$BeanPostProcessorChecker:330 - Bean 'securityManager' of type [org.apache.shiro.web.mgt.DefaultWebSecurityManager] is not eligible for getting processed by all BeanPostProcessors (for example: not eligible for auto-proxying)
2019-08-13 16:07:42.081 [main] INFO  o.s.c.s.PostProcessorRegistrationDelegate$BeanPostProcessorChecker:330 - Bean 'authorizationAttributeSourceAdvisor' of type [org.apache.shiro.spring.security.interceptor.AuthorizationAttributeSourceAdvisor] is not eligible for getting processed by all BeanPostProcessors (for example: not eligible for auto-proxying)
2019-08-13 16:07:42.159 [main] INFO  o.s.c.s.PostProcessorRegistrationDelegate$BeanPostProcessorChecker:330 - Bean 'org.springframework.transaction.annotation.ProxyTransactionManagementConfiguration' of type [org.springframework.transaction.annotation.ProxyTransactionManagementConfiguration$$EnhancerBySpringCGLIB$$c688f400] is not eligible for getting processed by all BeanPostProcessors (for example: not eligible for auto-proxying)
2019-08-13 16:07:42.456 [main] INFO  o.s.c.s.PostProcessorRegistrationDelegate$BeanPostProcessorChecker:330 - Bean 'spring.datasource.dynamic-com.baomidou.dynamic.datasource.spring.boot.autoconfigure.DynamicDataSourceProperties' of type [com.baomidou.dynamic.datasource.spring.boot.autoconfigure.DynamicDataSourceProperties] is not eligible for getting processed by all BeanPostProcessors (for example: not eligible for auto-proxying)
2019-08-13 16:07:42.456 [main] INFO  o.s.c.s.PostProcessorRegistrationDelegate$BeanPostProcessorChecker:330 - Bean 'com.baomidou.dynamic.datasource.spring.boot.autoconfigure.DynamicDataSourceAutoConfiguration' of type [com.baomidou.dynamic.datasource.spring.boot.autoconfigure.DynamicDataSourceAutoConfiguration$$EnhancerBySpringCGLIB$$301764d1] is not eligible for getting processed by all BeanPostProcessors (for example: not eligible for auto-proxying)
2019-08-13 16:07:42.472 [main] INFO  o.s.c.s.PostProcessorRegistrationDelegate$BeanPostProcessorChecker:330 - Bean 'dsProcessor' of type [com.baomidou.dynamic.datasource.processor.DsHeaderProcessor] is not eligible for getting processed by all BeanPostProcessors (for example: not eligible for auto-proxying)
2019-08-13 16:07:42.487 [main] INFO  o.s.c.s.PostProcessorRegistrationDelegate$BeanPostProcessorChecker:330 - Bean 'dynamicDatasourceAnnotationAdvisor' of type [com.baomidou.dynamic.datasource.aop.DynamicDataSourceAnnotationAdvisor] is not eligible for getting processed by all BeanPostProcessors (for example: not eligible for auto-proxying)
2019-08-13 16:07:42.519 [main] INFO  o.s.c.s.PostProcessorRegistrationDelegate$BeanPostProcessorChecker:330 - Bean 'spring.redis-org.springframework.boot.autoconfigure.data.redis.RedisProperties' of type [org.springframework.boot.autoconfigure.data.redis.RedisProperties] is not eligible for getting processed by all BeanPostProcessors (for example: not eligible for auto-proxying)
2019-08-13 16:07:42.534 [main] INFO  o.s.c.s.PostProcessorRegistrationDelegate$BeanPostProcessorChecker:330 - Bean 'org.springframework.boot.autoconfigure.data.redis.LettuceConnectionConfiguration' of type [org.springframework.boot.autoconfigure.data.redis.LettuceConnectionConfiguration$$EnhancerBySpringCGLIB$$dba2b24a] is not eligible for getting processed by all BeanPostProcessors (for example: not eligible for auto-proxying)
2019-08-13 16:07:42.678 [main] INFO  o.s.c.s.PostProcessorRegistrationDelegate$BeanPostProcessorChecker:330 - Bean 'lettuceClientResources' of type [io.lettuce.core.resource.DefaultClientResources] is not eligible for getting processed by all BeanPostProcessors (for example: not eligible for auto-proxying)
2019-08-13 16:07:42.788 [main] INFO  o.s.c.s.PostProcessorRegistrationDelegate$BeanPostProcessorChecker:330 - Bean 'redisConnectionFactory' of type [org.springframework.data.redis.connection.lettuce.LettuceConnectionFactory] is not eligible for getting processed by all BeanPostProcessors (for example: not eligible for auto-proxying)
2019-08-13 16:07:42.803 [main] INFO  o.s.c.s.PostProcessorRegistrationDelegate$BeanPostProcessorChecker:330 - Bean 'redisConfig' of type [org.jeecg.config.RedisConfig$$EnhancerBySpringCGLIB$$315ce4e0] is not eligible for getting processed by all BeanPostProcessors (for example: not eligible for auto-proxying)
2019-08-13 16:07:42.866 [main] INFO  o.s.c.s.PostProcessorRegistrationDelegate$BeanPostProcessorChecker:330 - Bean 'org.apache.shiro.spring.boot.autoconfigure.ShiroBeanAutoConfiguration' of type [org.apache.shiro.spring.boot.autoconfigure.ShiroBeanAutoConfiguration$$EnhancerBySpringCGLIB$$d9a1d1b0] is not eligible for getting processed by all BeanPostProcessors (for example: not eligible for auto-proxying)
2019-08-13 16:07:42.866 [main] INFO  o.s.c.s.PostProcessorRegistrationDelegate$BeanPostProcessorChecker:330 - Bean 'eventBus' of type [org.apache.shiro.event.support.DefaultEventBus] is not eligible for getting processed by all BeanPostProcessors (for example: not eligible for auto-proxying)
2019-08-13 16:07:43.459 [main] INFO  o.s.boot.web.embedded.tomcat.TomcatWebServer:90 - Tomcat initialized with port(s): 7072 (http)
2019-08-13 16:07:43.491 [main] INFO  org.apache.coyote.http11.Http11NioProtocol:173 - Initializing ProtocolHandler ["http-nio-7072"]
2019-08-13 16:07:43.491 [main] INFO  org.apache.catalina.core.StandardService:173 - Starting service [Tomcat]
2019-08-13 16:07:43.506 [main] INFO  org.apache.catalina.core.StandardEngine:173 - Starting Servlet engine: [Apache Tomcat/9.0.16]
2019-08-13 16:07:43.506 [main] INFO  org.apache.catalina.core.AprLifecycleListener:173 - The APR based Apache Tomcat Native library which allows optimal performance in production environments was not found on the java.library.path: [C:\javaTooles\jdk1.8.0_51\bin;C:\windows\Sun\Java\bin;C:\windows\system32;C:\windows;C:\windows\system32;C:\windows;C:\windows\System32\Wbem;C:\windows\System32\WindowsPowerShell\v1.0\;C:\windows\System32\OpenSSH\;C:\javaTooles\jdk1.8.0_51\bin;C:\javaTooles\maven\apache-maven-3.3.9\bin;C:\javaTooles\git\Git\cmd;C:\javaTooles\tortoisegit\tortoisegit\bin;C:\javaTooles\node.js\node\;C:\Users\lwx\AppData\Local\Microsoft\WindowsApps;C:\Users\lwx\AppData\Roaming\npm;.]
2019-08-13 16:07:44.802 [main] INFO  o.a.c.c.C.[Tomcat].[localhost].[/jeecg-boot]:173 - Initializing Spring embedded WebApplicationContext
2019-08-13 16:07:44.802 [main] INFO  org.springframework.web.context.ContextLoader:296 - Root WebApplicationContext: initialization completed in 7497 ms
2019-08-13 16:07:45.333 [main] INFO  c.b.dynamic.datasource.DynamicDataSourceCreator:113 - 动态数据源-检测到druid存在,如配置中未指定type,druid会默认配置
2019-08-13 16:07:45.762 [main] INFO  com.alibaba.druid.pool.DruidDataSource:1003 - {dataSource-1,master} inited
2019-08-13 16:07:45.762 [main] INFO  c.b.dynamic.datasource.DynamicRoutingDataSource:203 - 初始共加载 1 个数据源
2019-08-13 16:07:45.777 [main] INFO  c.b.dynamic.datasource.DynamicRoutingDataSource:142 - 动态数据源-加载 master 成功
2019-08-13 16:07:45.777 [main] INFO  c.b.dynamic.datasource.DynamicRoutingDataSource:212 - 当前的默认数据源是单数据源，数据源名为 master
2019-08-13 16:07:49.417 [main] INFO  org.quartz.impl.StdSchedulerFactory:1208 - Using default implementation for ThreadExecutor
2019-08-13 16:07:49.433 [main] INFO  org.quartz.core.SchedulerSignalerImpl:61 - Initialized Scheduler Signaller of type: class org.quartz.core.SchedulerSignalerImpl
2019-08-13 16:07:49.433 [main] INFO  org.quartz.core.QuartzScheduler:229 - Quartz Scheduler v.2.3.0 created.
2019-08-13 16:07:49.449 [main] INFO  o.s.scheduling.quartz.LocalDataSourceJobStore:672 - Using db table-based data access locking (synchronization).
2019-08-13 16:07:49.449 [main] INFO  o.s.scheduling.quartz.LocalDataSourceJobStore:145 - JobStoreCMT initialized.
2019-08-13 16:07:49.449 [main] INFO  org.quartz.core.QuartzScheduler:294 - Scheduler meta-data: Quartz Scheduler (v2.3.0) 'quartzScheduler' with instanceId 'NON_CLUSTERED'
  Scheduler class: 'org.quartz.core.QuartzScheduler' - running locally.
  NOT STARTED.
  Currently in standby mode.
  Number of jobs executed: 0
  Using thread pool 'org.quartz.simpl.SimpleThreadPool' - with 10 threads.
  Using job-store 'org.springframework.scheduling.quartz.LocalDataSourceJobStore' - which supports persistence. and is not clustered.

2019-08-13 16:07:49.449 [main] INFO  org.quartz.impl.StdSchedulerFactory:1362 - Quartz scheduler 'quartzScheduler' initialized from an externally provided properties instance.
2019-08-13 16:07:49.464 [main] INFO  org.quartz.impl.StdSchedulerFactory:1366 - Quartz scheduler version: 2.3.0
2019-08-13 16:07:49.464 [main] INFO  org.quartz.core.QuartzScheduler:2287 - JobFactory set to: org.springframework.scheduling.quartz.SpringBeanJobFactory@48126a17
2019-08-13 16:07:52.326 [main] INFO  o.s.b.actuate.endpoint.web.EndpointLinksResolver:59 - Exposing 2 endpoint(s) beneath base path '/actuator'
2019-08-13 16:07:52.646 [main] INFO  s.d.s.w.PropertySourcedRequestMappingHandlerMapping:69 - Mapped URL path [/v2/api-docs] onto method [public org.springframework.http.ResponseEntity<springfox.documentation.spring.web.json.Json> springfox.documentation.swagger2.web.Swagger2Controller.getDocumentation(java.lang.String,javax.servlet.http.HttpServletRequest)]
2019-08-13 16:07:53.134 [main] INFO  o.s.scheduling.concurrent.ThreadPoolTaskExecutor:171 - Initializing ExecutorService 'applicationTaskExecutor'
2019-08-13 16:07:54.477 [main] INFO  s.d.s.web.plugins.DocumentationPluginsBootstrapper:160 - Context refreshed
2019-08-13 16:07:54.524 [main] INFO  s.d.s.web.plugins.DocumentationPluginsBootstrapper:163 - Found 1 custom documentation plugin(s)
2019-08-13 16:07:54.571 [main] INFO  s.d.spring.web.scanners.ApiListingReferenceScanner:41 - Scanning for api listing references
2019-08-13 16:07:54.884 [main] INFO  o.s.scheduling.quartz.SchedulerFactoryBean:726 - Starting Quartz Scheduler now
2019-08-13 16:07:55.056 [main] INFO  o.s.scheduling.quartz.LocalDataSourceJobStore:866 - Freed 0 triggers from 'acquired' / 'blocked' state.
2019-08-13 16:07:55.072 [main] INFO  o.s.scheduling.quartz.LocalDataSourceJobStore:876 - Recovering 0 jobs that were in-progress at the time of the last shut-down.
2019-08-13 16:07:55.072 [main] INFO  o.s.scheduling.quartz.LocalDataSourceJobStore:889 - Recovery complete.
2019-08-13 16:07:55.072 [main] INFO  o.s.scheduling.quartz.LocalDataSourceJobStore:896 - Removed 0 'complete' triggers.
2019-08-13 16:07:55.087 [main] INFO  o.s.scheduling.quartz.LocalDataSourceJobStore:901 - Removed 0 stale fired job entries.
2019-08-13 16:07:55.087 [main] INFO  org.quartz.core.QuartzScheduler:547 - Scheduler quartzScheduler_$_NON_CLUSTERED started.
2019-08-13 16:07:55.103 [main] INFO  org.apache.coyote.http11.Http11NioProtocol:173 - Starting ProtocolHandler ["http-nio-7072"]
2019-08-13 16:07:55.150 [main] INFO  o.s.boot.web.embedded.tomcat.TomcatWebServer:204 - Tomcat started on port(s): 7072 (http) with context path '/jeecg-boot'
2019-08-13 16:07:55.150 [main] INFO  org.jeecg.JeecgApplication:59 - Started JeecgApplication in 18.86 seconds (JVM running for 34.472)
2019-08-13 16:07:55.165 [main] INFO  org.jeecg.JeecgApplication:27 - 
----------------------------------------------------------
	Application Jeecg-Boot is running! Access URLs:
	Local: 		http://localhost:7072/jeecg-boot/
	External: 	http://10.4.89.3:7072/jeecg-boot/
	swagger-ui: 	http://10.4.89.3:7072/jeecg-boot/swagger-ui.html
	Doc: 		http://10.4.89.3:7072/jeecg-boot/doc.html
----------------------------------------------------------
2019-08-13 16:07:56.088 [RMI TCP Connection(5)-127.0.0.1] INFO  o.a.c.c.C.[Tomcat].[localhost].[/jeecg-boot]:173 - Initializing Spring DispatcherServlet 'dispatcherServlet'
2019-08-13 16:07:56.107 [RMI TCP Connection(5)-127.0.0.1] INFO  org.springframework.web.servlet.DispatcherServlet:524 - Initializing Servlet 'dispatcherServlet'
2019-08-13 16:07:56.138 [RMI TCP Connection(5)-127.0.0.1] INFO  org.springframework.web.servlet.DispatcherServlet:546 - Completed initialization in 31 ms
2019-08-13 16:07:56.295 [RMI TCP Connection(2)-127.0.0.1] INFO  io.lettuce.core.EpollProvider:68 - Starting without optional epoll library
2019-08-13 16:07:56.295 [RMI TCP Connection(2)-127.0.0.1] INFO  io.lettuce.core.KqueueProvider:70 - Starting without optional kqueue library
2019-08-13 16:17:28.757 [http-nio-7072-exec-5] INFO  o.j.m.system.controller.SysPermissionController:120 -  ------ 通过令牌获取用户拥有的访问菜单 ---- TOKEN ------ eyJ0eXAiOiJKV1QiLCJhbGciOiJIUzI1NiJ9.eyJleHAiOjE1NjU2ODYwNDgsInVzZXJuYW1lIjoiYWRtaW4ifQ.AXGqQe5AUA3hukEZC8DWxQIHqr-sYnsB_BbFMW7oFOw
2019-08-13 16:23:44.874 [http-nio-7072-exec-6] INFO  o.j.m.system.controller.SysPermissionController:120 -  ------ 通过令牌获取用户拥有的访问菜单 ---- TOKEN ------ eyJ0eXAiOiJKV1QiLCJhbGciOiJIUzI1NiJ9.eyJleHAiOjE1NjU2ODYwNDgsInVzZXJuYW1lIjoiYWRtaW4ifQ.AXGqQe5AUA3hukEZC8DWxQIHqr-sYnsB_BbFMW7oFOw
2019-08-13 17:28:18.893 [http-nio-7072-exec-9] INFO  o.j.m.system.controller.SysPermissionController:120 -  ------ 通过令牌获取用户拥有的访问菜单 ---- TOKEN ------ eyJ0eXAiOiJKV1QiLCJhbGciOiJIUzI1NiJ9.eyJleHAiOjE1NjU2OTAyOTgsInVzZXJuYW1lIjoiYWRtaW4ifQ.v05dW2ylij2BVxA7QurYfyou1oHcHKjXXcRzWwTxNFc
2019-08-13 17:28:42.009 [http-nio-7072-exec-9] INFO  o.j.modules.system.controller.SysDictController:127 -  dictCode : global_perms_type
2019-08-13 17:28:42.010 [http-nio-7072-exec-8] INFO  o.j.modules.system.controller.SysDictController:127 -  dictCode : valid_status
2019-08-13 17:28:42.139 [http-nio-7072-exec-8] INFO  o.j.modules.system.service.impl.SysDictServiceImpl:48 - 无缓存dictCache的时候调用这里！
2019-08-13 17:28:42.138 [http-nio-7072-exec-9] INFO  o.j.modules.system.service.impl.SysDictServiceImpl:48 - 无缓存dictCache的时候调用这里！
2019-08-13 17:28:42.187 [http-nio-7072-exec-9] INFO  o.j.modules.system.controller.SysDictController:160 - Result(success=true, message=操作成功！, code=0, result=[DictModel(value=1, text=显示/访问(授权后显示/可访问)), DictModel(value=2, text=可编辑(未授权时禁用))], timestamp=1565688522021)
2019-08-13 17:28:42.230 [http-nio-7072-exec-8] INFO  o.j.modules.system.controller.SysDictController:160 - Result(success=true, message=操作成功！, code=0, result=[DictModel(value=0, text=无效), DictModel(value=1, text=有效)], timestamp=1565688522022)
2019-08-13 17:29:01.556 [http-nio-7072-exec-7] INFO  org.jeecg.modules.shiro.authc.ShiroRealm:60 - ————权限认证 [ roles、permissions]————
2019-08-13 17:29:01.589 [http-nio-7072-exec-7] INFO  o.j.modules.system.service.impl.SysUserServiceImpl:107 - -------通过数据库读取用户拥有的角色Rules------username： admin,Roles size: 1
2019-08-13 17:29:01.621 [http-nio-7072-exec-7] INFO  o.j.modules.system.service.impl.SysUserServiceImpl:131 - -------通过数据库读取用户拥有的权限Perms------username： admin,Perms size: 8
2019-08-13 17:29:01.630 [http-nio-7072-exec-7] INFO  org.jeecg.modules.shiro.authc.ShiroRealm:60 - ————权限认证 [ roles、permissions]————
2019-08-13 17:29:01.687 [http-nio-7072-exec-7] INFO  o.j.m.system.controller.SysPermissionController:325 - ======角色授权成功=====耗时:48毫秒
2019-08-13 17:29:07.393 [http-nio-7072-exec-5] INFO  o.j.m.system.controller.SysPermissionController:120 -  ------ 通过令牌获取用户拥有的访问菜单 ---- TOKEN ------ eyJ0eXAiOiJKV1QiLCJhbGciOiJIUzI1NiJ9.eyJleHAiOjE1NjU2OTAyOTgsInVzZXJuYW1lIjoiYWRtaW4ifQ.v05dW2ylij2BVxA7QurYfyou1oHcHKjXXcRzWwTxNFc
